<?xml version="1.0" encoding="UTF-8"?>
<!-- Generated by org.testng.reporters.JUnitXMLReporter -->
<testsuite hostname="LAPTOP-RVFFG2S9" name="testing" tests="1" failures="1" timestamp="4 Dec 2019 19:39:27 GMT" time="16.025" errors="0">
  <testcase name="feature" time="15.432" classname="com.test.MyRunner.TestNGTestRunner">
    <failure type="cucumber.runtime.CucumberException" message="java.lang.AssertionError: Support Center1 not found on the page">
      <![CDATA[cucumber.runtime.CucumberException: java.lang.AssertionError: Support Center1 not found on the page
	at cucumber.api.testng.TestNGCucumberRunner.runCucumber(TestNGCucumberRunner.java:69)
	at cucumber.api.testng.AbstractTestNGCucumberTests.feature(AbstractTestNGCucumberTests.java:21)
Caused by: java.lang.AssertionError: Support Center1 not found on the page
	at StepDefination.MyStep.verify_below_links_on_the_website(MyStep.java:99)
	at ✽.Then verify below links on the website(src/test/resources/FeatueFiles/temprature.feature:7)
... Removed 25 stack frames]]>
    </failure>
  </testcase> <!-- feature -->
</testsuite> <!-- testing -->
