<?xml version="1.0" encoding="UTF-8"?>
<testng-results skipped="0" failed="0" total="1" passed="1">
  <reporter-output>
  </reporter-output>
  <suite name="Default suite" duration-ms="81415" started-at="2020-02-12T14:39:30Z" finished-at="2020-02-12T14:40:51Z">
    <groups>
    </groups>
    <test name="Default test" duration-ms="81415" started-at="2020-02-12T14:39:30Z" finished-at="2020-02-12T14:40:51Z">
      <class name="com.API.xmlPack.XmlParametrization">
        <test-method status="PASS" signature="parametTC()[pri:0, instance:com.API.xmlPack.XmlParametrization@384ad17b]" name="parametTC" duration-ms="81383" started-at="2020-02-12T20:09:30Z" finished-at="2020-02-12T20:10:51Z">
          <reporter-output>
          </reporter-output>
        </test-method> <!-- parametTC -->
      </class> <!-- com.API.xmlPack.XmlParametrization -->
    </test> <!-- Default test -->
  </suite> <!-- Default suite -->
</testng-results>
